<?xml version="1.0" encoding="UTF-8"?>
<!-- Generated by org.testng.reporters.JUnitReportReporter -->
<testsuite skipped="0" hostname="LAPTOP-AGHJRJVA" name="test.rest.TC001_GetWetherByCityName" tests="5" failures="0" timestamp="2020-05-26T12:24:05 IST" time="6.931" errors="0">
  <testcase name="getWeather" time="0.531" classname="test.rest.TC001_GetWetherByCityName"/>
  <system-out/>
  <testcase name="getWeather" time="0.609" classname="test.rest.TC001_GetWetherByCityName"/>
  <system-out/>
  <testcase name="getWeather" time="0.391" classname="test.rest.TC001_GetWetherByCityName"/>
  <system-out/>
  <testcase name="getWeather" time="0.556" classname="test.rest.TC001_GetWetherByCityName"/>
  <system-out/>
  <testcase name="getWeather" time="4.844" classname="test.rest.TC001_GetWetherByCityName"/>
  <system-out/>
</testsuite> <!-- test.rest.TC001_GetWetherByCityName -->
