<?xml version="1.0" encoding="UTF-8"?>
<!-- Generated by org.testng.reporters.JUnitReportReporter -->
<testsuite skipped="0" hostname="LAPTOP-AGHJRJVA" name="test.rest.TC001_GetWetherByCityName" tests="5" failures="0" timestamp="2020-05-26T12:54:45 IST" time="4.587" errors="0">
  <testcase name="getWeather" time="3.171" classname="test.rest.TC001_GetWetherByCityName"/>
  <system-out/>
  <testcase name="getWeather" time="0.344" classname="test.rest.TC001_GetWetherByCityName"/>
  <system-out/>
  <testcase name="getWeather" time="0.364" classname="test.rest.TC001_GetWetherByCityName"/>
  <system-out/>
  <testcase name="getWeather" time="0.344" classname="test.rest.TC001_GetWetherByCityName"/>
  <system-out/>
  <testcase name="getWeather" time="0.364" classname="test.rest.TC001_GetWetherByCityName"/>
  <system-out/>
</testsuite> <!-- test.rest.TC001_GetWetherByCityName -->
